Base path: C:/Program Files (x86)/Unity/Editor/Data
Pipe name: \\.\pipe\UnityShaderCompiler-2-6000
Cmd: getPlatforms
Cmd: compileSnippet
  api=1 type=0 insize=4326 outsize=668 kw=DIRECTIONAL SHADOWS_OFF LIGHTMAP_OFF DIRLIGHTMAP_OFF ok=1
Cmd: compileSnippet
  api=0 type=0 insize=4326 outsize=1173 kw=DIRECTIONAL SHADOWS_SCREEN LIGHTMAP_OFF DIRLIGHTMAP_OFF ok=1
Cmd: compileSnippet
  api=0 type=0 insize=4326 outsize=540 kw=DIRECTIONAL SHADOWS_SCREEN LIGHTMAP_ON DIRLIGHTMAP_OFF ok=1
Cmd: compileSnippet
  api=0 type=0 insize=4326 outsize=1656 kw=DIRECTIONAL SHADOWS_OFF LIGHTMAP_OFF DIRLIGHTMAP_OFF VERTEXLIGHT_ON ok=1
Cmd: compileSnippet
  api=8 type=0 insize=4326 outsize=6817 kw=DIRECTIONAL SHADOWS_OFF LIGHTMAP_OFF DIRLIGHTMAP_OFF VERTEXLIGHT_ON ok=1
Cmd: compileSnippet
  api=4 type=0 insize=4326 outsize=4865 kw=DIRECTIONAL SHADOWS_SCREEN LIGHTMAP_OFF DIRLIGHTMAP_OFF VERTEXLIGHT_ON ok=1
Cmd: compileSnippet
  api=1 type=1 insize=4326 outsize=928 kw=DIRECTIONAL SHADOWS_OFF LIGHTMAP_OFF DIRLIGHTMAP_OFF ok=1
Cmd: compileSnippet
  api=4 type=1 insize=4326 outsize=3655 kw=DIRECTIONAL SHADOWS_SCREEN LIGHTMAP_OFF DIRLIGHTMAP_OFF ok=1
Cmd: compileSnippet
  api=1 type=1 insize=4326 outsize=126 kw=DIRECTIONAL SHADOWS_SCREEN LIGHTMAP_ON DIRLIGHTMAP_OFF ok=1
Cmd: compileSnippet
  api=8 type=0 insize=2247 outsize=4363 kw=POINT ok=1
Cmd: compileSnippet
  api=1 type=0 insize=2247 outsize=326 kw=DIRECTIONAL ok=1
Cmd: compileSnippet
  api=4 type=0 insize=2247 outsize=3053 kw=SPOT ok=1
Cmd: compileSnippet
  api=1 type=0 insize=2247 outsize=405 kw=POINT_COOKIE ok=1
Cmd: compileSnippet
  api=1 type=0 insize=2247 outsize=381 kw=DIRECTIONAL_COOKIE ok=1
Cmd: compileSnippet
  api=8 type=1 insize=2247 outsize=5525 kw=POINT ok=1
Cmd: compileSnippet
  api=8 type=1 insize=2247 outsize=4924 kw=DIRECTIONAL ok=1
Cmd: compileSnippet
  api=0 type=1 insize=2247 outsize=1491 kw=POINT_COOKIE ok=1
Cmd: compileSnippet
  api=8 type=1 insize=2247 outsize=5810 kw=POINT_COOKIE ok=1
Cmd: compileSnippet
  api=0 type=1 insize=2247 outsize=1343 kw=DIRECTIONAL_COOKIE ok=1
Cmd: compileSnippet
  api=1 type=1 insize=369 outsize=72 kw= ok=1
Cmd: compileSnippet
  api=1 type=1 insize=389 outsize=126 kw= ok=1
Cmd: compileSnippet
  api=8 type=0 insize=4326 outsize=4510 kw=DIRECTIONAL SHADOWS_OFF LIGHTMAP_OFF DIRLIGHTMAP_OFF ok=1
Cmd: compileSnippet
  api=1 type=0 insize=4326 outsize=792 kw=DIRECTIONAL SHADOWS_SCREEN LIGHTMAP_OFF DIRLIGHTMAP_OFF ok=1
Cmd: compileSnippet
  api=0 type=0 insize=4326 outsize=540 kw=DIRECTIONAL SHADOWS_SCREEN LIGHTMAP_ON DIRLIGHTMAP_OFF ok=1
Cmd: compileSnippet
  api=8 type=0 insize=4326 outsize=2665 kw=DIRECTIONAL SHADOWS_SCREEN LIGHTMAP_ON DIRLIGHTMAP_OFF ok=1
Cmd: compileSnippet
  api=8 type=0 insize=4326 outsize=6817 kw=DIRECTIONAL SHADOWS_OFF LIGHTMAP_OFF DIRLIGHTMAP_OFF VERTEXLIGHT_ON ok=1
Cmd: compileSnippet
  api=8 type=1 insize=4326 outsize=4908 kw=DIRECTIONAL SHADOWS_OFF LIGHTMAP_OFF DIRLIGHTMAP_OFF ok=1
Cmd: compileSnippet
  api=1 type=1 insize=4326 outsize=969 kw=DIRECTIONAL SHADOWS_SCREEN LIGHTMAP_OFF DIRLIGHTMAP_OFF ok=1
Cmd: compileSnippet
  api=1 type=1 insize=4326 outsize=126 kw=DIRECTIONAL SHADOWS_SCREEN LIGHTMAP_ON DIRLIGHTMAP_OFF ok=1
Cmd: compileSnippet
  api=0 type=0 insize=2247 outsize=699 kw=DIRECTIONAL ok=1
Cmd: compileSnippet
  api=8 type=0 insize=2247 outsize=3307 kw=DIRECTIONAL ok=1
Cmd: compileSnippet
  api=1 type=0 insize=2247 outsize=405 kw=POINT_COOKIE ok=1
Cmd: compileSnippet
  api=8 type=0 insize=2247 outsize=4363 kw=POINT_COOKIE ok=1
Cmd: compileSnippet
  api=0 type=1 insize=2247 outsize=1291 kw=DIRECTIONAL ok=1
Cmd: compileSnippet
  api=4 type=1 insize=2247 outsize=4256 kw=SPOT ok=1
Cmd: compileSnippet
  api=4 type=1 insize=2247 outsize=3947 kw=POINT_COOKIE ok=1
Cmd: compileSnippet
  api=1 type=1 insize=2247 outsize=1007 kw=DIRECTIONAL_COOKIE ok=1
Cmd: compileSnippet
  api=8 type=1 insize=2247 outsize=5282 kw=DIRECTIONAL_COOKIE ok=1
Cmd: compileSnippet
  api=8 type=0 insize=4327 outsize=4510 kw=DIRECTIONAL SHADOWS_OFF LIGHTMAP_OFF DIRLIGHTMAP_OFF ok=1
Cmd: compileSnippet
  api=1 type=0 insize=4327 outsize=190 kw=DIRECTIONAL SHADOWS_OFF LIGHTMAP_ON DIRLIGHTMAP_OFF ok=1
Cmd: compileSnippet
  api=1 type=0 insize=4327 outsize=792 kw=DIRECTIONAL SHADOWS_SCREEN LIGHTMAP_OFF DIRLIGHTMAP_OFF ok=1
Cmd: compileSnippet
  api=4 type=0 insize=4327 outsize=1883 kw=DIRECTIONAL SHADOWS_SCREEN LIGHTMAP_ON DIRLIGHTMAP_OFF ok=1
Cmd: compileSnippet
  api=0 type=0 insize=4327 outsize=1656 kw=DIRECTIONAL SHADOWS_OFF LIGHTMAP_OFF DIRLIGHTMAP_OFF VERTEXLIGHT_ON ok=1
Cmd: compileSnippet
  api=0 type=0 insize=4327 outsize=1783 kw=DIRECTIONAL SHADOWS_SCREEN LIGHTMAP_OFF DIRLIGHTMAP_OFF VERTEXLIGHT_ON ok=1
Cmd: compileSnippet
  api=4 type=0 insize=4327 outsize=4865 kw=DIRECTIONAL SHADOWS_SCREEN LIGHTMAP_OFF DIRLIGHTMAP_OFF VERTEXLIGHT_ON ok=1
Cmd: compileSnippet
  api=0 type=1 insize=4327 outsize=1213 kw=DIRECTIONAL SHADOWS_OFF LIGHTMAP_OFF DIRLIGHTMAP_OFF ok=1
Cmd: compileSnippet
  api=1 type=1 insize=4327 outsize=126 kw=DIRECTIONAL SHADOWS_OFF LIGHTMAP_ON DIRLIGHTMAP_OFF ok=1
Cmd: compileSnippet
  api=1 type=1 insize=4327 outsize=969 kw=DIRECTIONAL SHADOWS_SCREEN LIGHTMAP_OFF DIRLIGHTMAP_OFF ok=1
Cmd: compileSnippet
  api=0 type=1 insize=4327 outsize=205 kw=DIRECTIONAL SHADOWS_SCREEN LIGHTMAP_ON DIRLIGHTMAP_OFF ok=1
Cmd: compileSnippet
  api=0 type=0 insize=2247 outsize=699 kw=DIRECTIONAL ok=1
Cmd: compileSnippet
  api=0 type=0 insize=2247 outsize=894 kw=SPOT ok=1
Cmd: compileSnippet
  api=8 type=0 insize=2247 outsize=4363 kw=SPOT ok=1
Cmd: compileSnippet
  api=0 type=0 insize=2247 outsize=815 kw=DIRECTIONAL_COOKIE ok=1
Cmd: compileSnippet
  api=8 type=0 insize=2247 outsize=4331 kw=DIRECTIONAL_COOKIE ok=1
Cmd: compileSnippet
  api=8 type=1 insize=2247 outsize=5525 kw=POINT ok=1
Cmd: compileSnippet
  api=0 type=1 insize=2247 outsize=1617 kw=SPOT ok=1
Cmd: compileSnippet
  api=4 type=1 insize=2247 outsize=4256 kw=SPOT ok=1
Cmd: compileSnippet
  api=4 type=1 insize=2247 outsize=3947 kw=POINT_COOKIE ok=1
Cmd: compileSnippet
  api=0 type=1 insize=2247 outsize=1343 kw=DIRECTIONAL_COOKIE ok=1
Cmd: compileSnippet
  api=1 type=0 insize=369 outsize=391 kw= ok=1
Cmd: compileSnippet
  api=1 type=1 insize=369 outsize=72 kw= ok=1
Cmd: compileSnippet
  api=0 type=0 insize=389 outsize=365 kw= ok=1
Cmd: compileSnippet
  api=0 type=1 insize=389 outsize=205 kw= ok=1
Cmd: compileSnippet
  api=1 type=0 insize=6145 outsize=748 kw=DIRECTIONAL SHADOWS_OFF LIGHTMAP_OFF DIRLIGHTMAP_OFF ok=1
Cmd: compileSnippet
  api=4 type=0 insize=6145 outsize=3508 kw=DIRECTIONAL SHADOWS_OFF LIGHTMAP_ON DIRLIGHTMAP_OFF ok=1
Cmd: compileSnippet
  api=0 type=0 insize=6145 outsize=1346 kw=DIRECTIONAL SHADOWS_SCREEN LIGHTMAP_OFF DIRLIGHTMAP_OFF ok=1
Cmd: compileSnippet
  api=1 type=0 insize=6145 outsize=700 kw=DIRECTIONAL SHADOWS_SCREEN LIGHTMAP_ON DIRLIGHTMAP_OFF ok=1
Cmd: compileSnippet
  api=0 type=0 insize=6145 outsize=1825 kw=DIRECTIONAL SHADOWS_OFF LIGHTMAP_OFF DIRLIGHTMAP_OFF VERTEXLIGHT_ON ok=1
Cmd: compileSnippet
  api=0 type=0 insize=6145 outsize=1952 kw=DIRECTIONAL SHADOWS_SCREEN LIGHTMAP_OFF DIRLIGHTMAP_OFF VERTEXLIGHT_ON ok=1
Cmd: compileSnippet
  api=0 type=1 insize=6145 outsize=703 kw=DIRECTIONAL SHADOWS_OFF LIGHTMAP_OFF DIRLIGHTMAP_OFF ok=1
Cmd: compileSnippet
  api=1 type=1 insize=6145 outsize=878 kw=DIRECTIONAL SHADOWS_OFF LIGHTMAP_ON DIRLIGHTMAP_OFF ok=1
Cmd: compileSnippet
  api=4 type=1 insize=6145 outsize=3557 kw=DIRECTIONAL SHADOWS_SCREEN LIGHTMAP_ON DIRLIGHTMAP_OFF ok=1
Cmd: compileSnippet
  api=1 type=0 insize=3282 outsize=485 kw=POINT ok=1
Cmd: compileSnippet
  api=0 type=0 insize=3282 outsize=1067 kw=SPOT ok=1
Cmd: compileSnippet
  api=8 type=0 insize=3282 outsize=4973 kw=SPOT ok=1
Cmd: compileSnippet
  api=0 type=0 insize=3282 outsize=988 kw=DIRECTIONAL_COOKIE ok=1
Cmd: compileSnippet
  api=8 type=1 insize=3282 outsize=3616 kw=POINT ok=1
Cmd: compileSnippet
  api=0 type=1 insize=3282 outsize=1061 kw=SPOT ok=1
Cmd: compileSnippet
  api=8 type=1 insize=3282 outsize=4315 kw=SPOT ok=1
Cmd: compileSnippet
  api=8 type=1 insize=3282 outsize=3900 kw=POINT_COOKIE ok=1
Cmd: compileSnippet
  api=0 type=0 insize=2232 outsize=452 kw=SHADOWS_CUBE ok=1
Cmd: compileSnippet
  api=1 type=1 insize=2232 outsize=84 kw=SHADOWS_DEPTH ok=1
Cmd: compileSnippet
  api=1 type=1 insize=2232 outsize=307 kw=SHADOWS_CUBE ok=1
Cmd: compileSnippet
  api=1 type=0 insize=2277 outsize=456 kw=SHADOWS_NATIVE ok=1
Cmd: compileSnippet
  api=4 type=0 insize=2277 outsize=3427 kw=SHADOWS_NATIVE ok=1
Cmd: compileSnippet
  api=1 type=0 insize=2277 outsize=456 kw=SHADOWS_SPLIT_SPHERES SHADOWS_NONATIVE ok=1
Cmd: compileSnippet
  api=4 type=0 insize=2277 outsize=3427 kw=SHADOWS_SPLIT_SPHERES SHADOWS_NATIVE ok=1
Cmd: compileSnippet
  api=1 type=1 insize=2277 outsize=623 kw=SHADOWS_NATIVE ok=1
Cmd: compileSnippet
  api=1 type=1 insize=2277 outsize=837 kw=SHADOWS_SPLIT_SPHERES SHADOWS_NONATIVE ok=1
Cmd: compileSnippet
  api=1 type=0 insize=782 outsize=284 kw= ok=1
Cmd: compileSnippet
  api=1 type=0 insize=4326 outsize=668 kw=DIRECTIONAL SHADOWS_OFF LIGHTMAP_OFF DIRLIGHTMAP_OFF ok=1
Cmd: compileSnippet
  api=1 type=0 insize=4326 outsize=190 kw=DIRECTIONAL SHADOWS_OFF LIGHTMAP_ON DIRLIGHTMAP_OFF ok=1
Cmd: compileSnippet
  api=4 type=0 insize=4326 outsize=3452 kw=DIRECTIONAL SHADOWS_SCREEN LIGHTMAP_OFF DIRLIGHTMAP_OFF ok=1
Cmd: compileSnippet
  api=4 type=0 insize=4326 outsize=1883 kw=DIRECTIONAL SHADOWS_SCREEN LIGHTMAP_ON DIRLIGHTMAP_OFF ok=1
Cmd: compileSnippet
  api=8 type=0 insize=4326 outsize=2665 kw=DIRECTIONAL SHADOWS_SCREEN LIGHTMAP_ON DIRLIGHTMAP_OFF ok=1
Cmd: compileSnippet
  api=4 type=0 insize=4326 outsize=4508 kw=DIRECTIONAL SHADOWS_OFF LIGHTMAP_OFF DIRLIGHTMAP_OFF VERTEXLIGHT_ON ok=1
Cmd: compileSnippet
  api=1 type=0 insize=4326 outsize=1342 kw=DIRECTIONAL SHADOWS_SCREEN LIGHTMAP_OFF DIRLIGHTMAP_OFF VERTEXLIGHT_ON ok=1
Cmd: compileSnippet
  api=0 type=1 insize=4326 outsize=205 kw=DIRECTIONAL SHADOWS_OFF LIGHTMAP_ON DIRLIGHTMAP_OFF ok=1
Cmd: compileSnippet
  api=8 type=1 insize=4326 outsize=1195 kw=DIRECTIONAL SHADOWS_OFF LIGHTMAP_ON DIRLIGHTMAP_OFF ok=1
Cmd: compileSnippet
  api=8 type=1 insize=4326 outsize=5379 kw=DIRECTIONAL SHADOWS_SCREEN LIGHTMAP_OFF DIRLIGHTMAP_OFF ok=1
Cmd: compileSnippet
  api=8 type=0 insize=2247 outsize=4363 kw=POINT ok=1
Cmd: compileSnippet
  api=0 type=0 insize=2247 outsize=894 kw=SPOT ok=1
Cmd: compileSnippet
  api=0 type=0 insize=2247 outsize=857 kw=POINT_COOKIE ok=1
Cmd: compileSnippet
  api=4 type=0 insize=2247 outsize=3053 kw=POINT_COOKIE ok=1
Cmd: compileSnippet
  api=1 type=0 insize=2247 outsize=381 kw=DIRECTIONAL_COOKIE ok=1
Cmd: compileSnippet
  api=0 type=1 insize=2247 outsize=1291 kw=DIRECTIONAL ok=1
Cmd: compileSnippet
  api=8 type=1 insize=2247 outsize=4924 kw=DIRECTIONAL ok=1
Cmd: compileSnippet
  api=0 type=1 insize=2247 outsize=1491 kw=POINT_COOKIE ok=1
Cmd: compileSnippet
  api=4 type=1 insize=2247 outsize=3947 kw=POINT_COOKIE ok=1
Cmd: compileSnippet
  api=4 type=1 insize=2247 outsize=3549 kw=DIRECTIONAL_COOKIE ok=1
Cmd: compileSnippet
  api=8 type=0 insize=370 outsize=2316 kw= ok=1
Cmd: compileSnippet
  api=1 type=0 insize=4326 outsize=668 kw=DIRECTIONAL SHADOWS_OFF LIGHTMAP_OFF DIRLIGHTMAP_OFF ok=1
Cmd: compileSnippet
  api=1 type=0 insize=4326 outsize=792 kw=DIRECTIONAL SHADOWS_SCREEN LIGHTMAP_OFF DIRLIGHTMAP_OFF ok=1
Cmd: compileSnippet
  api=1 type=0 insize=4326 outsize=319 kw=DIRECTIONAL SHADOWS_SCREEN LIGHTMAP_ON DIRLIGHTMAP_OFF ok=1
Cmd: compileSnippet
  api=8 type=0 insize=4326 outsize=2665 kw=DIRECTIONAL SHADOWS_SCREEN LIGHTMAP_ON DIRLIGHTMAP_OFF ok=1
Cmd: compileSnippet
  api=0 type=0 insize=4326 outsize=1783 kw=DIRECTIONAL SHADOWS_SCREEN LIGHTMAP_OFF DIRLIGHTMAP_OFF VERTEXLIGHT_ON ok=1
Cmd: compileSnippet
  api=8 type=0 insize=4326 outsize=7329 kw=DIRECTIONAL SHADOWS_SCREEN LIGHTMAP_OFF DIRLIGHTMAP_OFF VERTEXLIGHT_ON ok=1
Cmd: compileSnippet
  api=0 type=1 insize=4326 outsize=205 kw=DIRECTIONAL SHADOWS_OFF LIGHTMAP_ON DIRLIGHTMAP_OFF ok=1
Cmd: compileSnippet
  api=1 type=1 insize=4326 outsize=126 kw=DIRECTIONAL SHADOWS_OFF LIGHTMAP_ON DIRLIGHTMAP_OFF ok=1
Cmd: compileSnippet
  api=4 type=1 insize=4326 outsize=3655 kw=DIRECTIONAL SHADOWS_SCREEN LIGHTMAP_OFF DIRLIGHTMAP_OFF ok=1
Cmd: compileSnippet
  api=8 type=1 insize=4326 outsize=1243 kw=DIRECTIONAL SHADOWS_SCREEN LIGHTMAP_ON DIRLIGHTMAP_OFF ok=1
Cmd: compileSnippet
  api=8 type=0 insize=2247 outsize=4363 kw=POINT ok=1
Cmd: compileSnippet
  api=4 type=0 insize=2247 outsize=3053 kw=SPOT ok=1
Cmd: compileSnippet
  api=8 type=0 insize=2247 outsize=4363 kw=SPOT ok=1
Cmd: compileSnippet
  api=0 type=0 insize=2247 outsize=815 kw=DIRECTIONAL_COOKIE ok=1
Cmd: compileSnippet
  api=0 type=1 insize=2247 outsize=1291 kw=DIRECTIONAL ok=1
Cmd: compileSnippet
  api=4 type=1 insize=2247 outsize=4256 kw=SPOT ok=1
Cmd: compileSnippet
  api=1 type=1 insize=2247 outsize=1115 kw=POINT_COOKIE ok=1
Cmd: compileSnippet
  api=0 type=1 insize=2247 outsize=1343 kw=DIRECTIONAL_COOKIE ok=1
Cmd: compileSnippet
  api=8 type=1 insize=2247 outsize=5282 kw=DIRECTIONAL_COOKIE ok=1
Cmd: compileSnippet
  api=0 type=0 insize=4327 outsize=1058 kw=DIRECTIONAL SHADOWS_OFF LIGHTMAP_OFF DIRLIGHTMAP_OFF ok=1
Cmd: compileSnippet
  api=8 type=0 insize=4327 outsize=2048 kw=DIRECTIONAL SHADOWS_OFF LIGHTMAP_ON DIRLIGHTMAP_OFF ok=1
Cmd: compileSnippet
  api=4 type=0 insize=4327 outsize=3452 kw=DIRECTIONAL SHADOWS_SCREEN LIGHTMAP_OFF DIRLIGHTMAP_OFF ok=1
Cmd: compileSnippet
  api=1 type=0 insize=4327 outsize=319 kw=DIRECTIONAL SHADOWS_SCREEN LIGHTMAP_ON DIRLIGHTMAP_OFF ok=1
Cmd: compileSnippet
  api=1 type=0 insize=4327 outsize=1207 kw=DIRECTIONAL SHADOWS_OFF LIGHTMAP_OFF DIRLIGHTMAP_OFF VERTEXLIGHT_ON ok=1
Cmd: compileSnippet
  api=0 type=0 insize=4327 outsize=1783 kw=DIRECTIONAL SHADOWS_SCREEN LIGHTMAP_OFF DIRLIGHTMAP_OFF VERTEXLIGHT_ON ok=1
Cmd: compileSnippet
  api=4 type=0 insize=4327 outsize=4865 kw=DIRECTIONAL SHADOWS_SCREEN LIGHTMAP_OFF DIRLIGHTMAP_OFF VERTEXLIGHT_ON ok=1
Cmd: compileSnippet
  api=0 type=1 insize=4327 outsize=205 kw=DIRECTIONAL SHADOWS_OFF LIGHTMAP_ON DIRLIGHTMAP_OFF ok=1
Cmd: compileSnippet
  api=8 type=1 insize=4327 outsize=1195 kw=DIRECTIONAL SHADOWS_OFF LIGHTMAP_ON DIRLIGHTMAP_OFF ok=1
Cmd: compileSnippet
  api=4 type=1 insize=4327 outsize=3655 kw=DIRECTIONAL SHADOWS_SCREEN LIGHTMAP_OFF DIRLIGHTMAP_OFF ok=1
Cmd: compileSnippet
  api=1 type=1 insize=4327 outsize=126 kw=DIRECTIONAL SHADOWS_SCREEN LIGHTMAP_ON DIRLIGHTMAP_OFF ok=1
Cmd: compileSnippet
  api=0 type=0 insize=2247 outsize=699 kw=DIRECTIONAL ok=1
Cmd: compileSnippet
  api=8 type=0 insize=2247 outsize=4363 kw=SPOT ok=1
Cmd: compileSnippet
  api=4 type=0 insize=2247 outsize=3053 kw=POINT_COOKIE ok=1
Cmd: compileSnippet
  api=4 type=0 insize=2247 outsize=3029 kw=DIRECTIONAL_COOKIE ok=1
Cmd: compileSnippet
  api=1 type=1 insize=2247 outsize=1067 kw=POINT ok=1
Cmd: compileSnippet
  api=8 type=1 insize=2247 outsize=4924 kw=DIRECTIONAL ok=1
Cmd: compileSnippet
  api=0 type=1 insize=2247 outsize=1491 kw=POINT_COOKIE ok=1
Cmd: compileSnippet
  api=4 type=1 insize=2247 outsize=3947 kw=POINT_COOKIE ok=1
Cmd: compileSnippet
  api=1 type=1 insize=2247 outsize=1007 kw=DIRECTIONAL_COOKIE ok=1
Cmd: compileSnippet
  api=8 type=0 insize=389 outsize=1560 kw= ok=1
Cmd: compileSnippet
  api=1 type=0 insize=4326 outsize=668 kw=DIRECTIONAL SHADOWS_OFF LIGHTMAP_OFF DIRLIGHTMAP_OFF ok=1
Cmd: compileSnippet
  api=1 type=0 insize=4326 outsize=190 kw=DIRECTIONAL SHADOWS_OFF LIGHTMAP_ON DIRLIGHTMAP_OFF ok=1
Cmd: compileSnippet
  api=4 type=0 insize=4326 outsize=3452 kw=DIRECTIONAL SHADOWS_SCREEN LIGHTMAP_OFF DIRLIGHTMAP_OFF ok=1
Cmd: compileSnippet
  api=8 type=0 insize=4326 outsize=5022 kw=DIRECTIONAL SHADOWS_SCREEN LIGHTMAP_OFF DIRLIGHTMAP_OFF ok=1
Cmd: compileSnippet
  api=4 type=0 insize=4326 outsize=4508 kw=DIRECTIONAL SHADOWS_OFF LIGHTMAP_OFF DIRLIGHTMAP_OFF VERTEXLIGHT_ON ok=1
Cmd: compileSnippet
  api=8 type=0 insize=4326 outsize=7329 kw=DIRECTIONAL SHADOWS_SCREEN LIGHTMAP_OFF DIRLIGHTMAP_OFF VERTEXLIGHT_ON ok=1
Cmd: compileSnippet
  api=1 type=1 insize=4326 outsize=126 kw=DIRECTIONAL SHADOWS_OFF LIGHTMAP_ON DIRLIGHTMAP_OFF ok=1
Cmd: compileSnippet
  api=8 type=1 insize=4326 outsize=5379 kw=DIRECTIONAL SHADOWS_SCREEN LIGHTMAP_OFF DIRLIGHTMAP_OFF ok=1
Cmd: compileSnippet
  api=8 type=1 insize=4326 outsize=1243 kw=DIRECTIONAL SHADOWS_SCREEN LIGHTMAP_ON DIRLIGHTMAP_OFF ok=1
Cmd: compileSnippet
  api=8 type=0 insize=2247 outsize=4363 kw=POINT ok=1
Cmd: compileSnippet
  api=0 type=0 insize=2247 outsize=894 kw=SPOT ok=1
Cmd: compileSnippet
  api=4 type=0 insize=2247 outsize=3053 kw=SPOT ok=1
Cmd: compileSnippet
  api=4 type=0 insize=2247 outsize=3053 kw=POINT_COOKIE ok=1
Cmd: compileSnippet
  api=1 type=0 insize=2247 outsize=381 kw=DIRECTIONAL_COOKIE ok=1
Cmd: compileSnippet
  api=8 type=1 insize=2247 outsize=5525 kw=POINT ok=1
Cmd: compileSnippet
  api=4 type=1 insize=2247 outsize=3289 kw=DIRECTIONAL ok=1
Cmd: compileSnippet
  api=1 type=1 insize=2247 outsize=1204 kw=SPOT ok=1
Cmd: compileSnippet
  api=0 type=1 insize=2247 outsize=1491 kw=POINT_COOKIE ok=1
Cmd: compileSnippet
  api=1 type=1 insize=2247 outsize=1007 kw=DIRECTIONAL_COOKIE ok=1
Cmd: compileSnippet
  api=8 type=0 insize=370 outsize=2316 kw= ok=1
Cmd: compileSnippet
  api=0 type=1 insize=370 outsize=165 kw= ok=1
Cmd: compileSnippet
  api=8 type=0 insize=389 outsize=1560 kw= ok=1
Cmd: compileSnippet
  api=0 type=1 insize=389 outsize=205 kw= ok=1
Unhandled exception: Readfile from pipe failed. GLE=パイプは終了しました。


Quitting shader compiler process
